app/build/intermediates/manifest_merge_blame_file/debug/manifest-merger-blame-debug-report.txt
1<?xml version="1.0" encoding="utf-8"?>
2<manifest xmlns:android="http://schemas.android.com/apk/res/android"
3    package="com.webiki.bucketlist"
4    android:versionCode="3"
5    android:versionName="0.2.1" >
6
7    <uses-sdk
8        android:minSdkVersion="26"
8-->src\main\AndroidManifest.xml
9        android:targetSdkVersion="33" />
9-->src\main\AndroidManifest.xml
10
11    <uses-permission android:name="android.permission.ACCESS_NETWORK_STATE" />
11-->src\main\AndroidManifest.xml:5:5-79
11-->src\main\AndroidManifest.xml:5:22-76
12    <uses-permission android:name="android.permission.INTERNET" />
12-->src\main\AndroidManifest.xml:6:5-67
12-->src\main\AndroidManifest.xml:6:22-64
13    <uses-permission android:name="android.permission.REORDER_TASKS" />
13-->[androidx.test:core:1.5.0] AndroidManifest.xml:24:5-72
13-->[androidx.test:core:1.5.0] AndroidManifest.xml:24:22-69
14
15    <permission
15-->[androidx.core:core:1.9.0] AndroidManifest.xml:22:5-24:47
16        android:name="com.webiki.bucketlist.DYNAMIC_RECEIVER_NOT_EXPORTED_PERMISSION"
16-->[androidx.core:core:1.9.0] AndroidManifest.xml:23:9-81
17        android:protectionLevel="signature" />
17-->[androidx.core:core:1.9.0] AndroidManifest.xml:24:9-44
18
19    <uses-permission android:name="com.webiki.bucketlist.DYNAMIC_RECEIVER_NOT_EXPORTED_PERMISSION" />
19-->[androidx.core:core:1.9.0] AndroidManifest.xml:26:5-97
19-->[androidx.core:core:1.9.0] AndroidManifest.xml:26:22-94
20
21    <application
21-->src\main\AndroidManifest.xml:8:5-59:19
22        android:name="com.orm.SugarApp"
22-->src\main\AndroidManifest.xml:9:13-44
23        android:allowBackup="true"
23-->src\main\AndroidManifest.xml:10:13-39
24        android:appComponentFactory="androidx.core.app.CoreComponentFactory"
24-->[androidx.core:core:1.9.0] AndroidManifest.xml:28:18-86
25        android:dataExtractionRules="@xml/data_extraction_rules"
25-->src\main\AndroidManifest.xml:11:13-69
26        android:debuggable="true"
27        android:extractNativeLibs="false"
28        android:fullBackupContent="@xml/backup_rules"
28-->src\main\AndroidManifest.xml:12:13-58
29        android:icon="@mipmap/ic_logo"
29-->src\main\AndroidManifest.xml:13:13-43
30        android:label="@string/app_name"
30-->src\main\AndroidManifest.xml:14:13-45
31        android:supportsRtl="true"
31-->src\main\AndroidManifest.xml:15:13-39
32        android:testOnly="true"
33        android:theme="@style/Theme.BucketList" >
33-->src\main\AndroidManifest.xml:16:13-52
34        <activity
34-->src\main\AndroidManifest.xml:18:9-20:44
35            android:name="com.webiki.bucketlist.activities.GreetingActivity"
35-->src\main\AndroidManifest.xml:19:17-60
36            android:exported="false" />
36-->src\main\AndroidManifest.xml:20:17-41
37
38        <meta-data
38-->src\main\AndroidManifest.xml:22:9-24:50
39            android:name="DATABASE"
39-->src\main\AndroidManifest.xml:23:17-40
40            android:value="bucket_list.db" />
40-->src\main\AndroidManifest.xml:24:17-47
41        <meta-data
41-->src\main\AndroidManifest.xml:25:9-27:37
42            android:name="VERSION"
42-->src\main\AndroidManifest.xml:26:17-39
43            android:value="1" />
43-->src\main\AndroidManifest.xml:27:17-34
44        <meta-data
44-->src\main\AndroidManifest.xml:28:9-30:41
45            android:name="QUERY_LOG"
45-->src\main\AndroidManifest.xml:29:17-41
46            android:value="false" />
46-->src\main\AndroidManifest.xml:30:17-38
47        <meta-data
47-->src\main\AndroidManifest.xml:31:9-33:57
48            android:name="DOMAIN_PACKAGE_NAME"
48-->src\main\AndroidManifest.xml:32:17-51
49            android:value="com.webiki.bucketlist" />
49-->src\main\AndroidManifest.xml:33:17-54
50
51        <activity
51-->src\main\AndroidManifest.xml:35:9-37:44
52            android:name="com.webiki.bucketlist.activities.GoalWizard"
52-->src\main\AndroidManifest.xml:36:17-54
53            android:exported="false" />
53-->src\main\AndroidManifest.xml:37:17-41
54        <activity
54-->src\main\AndroidManifest.xml:38:9-41:71
55            android:name="com.webiki.bucketlist.activities.WelcomeForm"
55-->src\main\AndroidManifest.xml:39:17-55
56            android:exported="false"
56-->src\main\AndroidManifest.xml:40:17-41
57            android:theme="@style/Theme.BucketList.NoActionBar" />
57-->src\main\AndroidManifest.xml:41:17-68
58        <activity
58-->src\main\AndroidManifest.xml:42:9-44:71
59            android:name="com.webiki.bucketlist.activities.MainActivity"
59-->src\main\AndroidManifest.xml:43:17-56
60            android:theme="@style/Theme.BucketList.NoActionBar" />
60-->src\main\AndroidManifest.xml:44:17-68
61        <activity
61-->src\main\AndroidManifest.xml:45:9-54:20
62            android:name="com.webiki.bucketlist.activities.SplashScreen"
62-->src\main\AndroidManifest.xml:46:17-56
63            android:exported="true"
63-->src\main\AndroidManifest.xml:47:17-40
64            android:theme="@style/splash_screen" >
64-->src\main\AndroidManifest.xml:48:17-53
65            <intent-filter>
65-->src\main\AndroidManifest.xml:49:13-53:29
66                <action android:name="android.intent.action.MAIN" />
66-->src\main\AndroidManifest.xml:50:17-69
66-->src\main\AndroidManifest.xml:50:25-66
67
68                <category android:name="android.intent.category.LAUNCHER" />
68-->src\main\AndroidManifest.xml:52:17-77
68-->src\main\AndroidManifest.xml:52:27-74
69            </intent-filter>
70        </activity>
71
72        <meta-data
72-->src\main\AndroidManifest.xml:56:9-58:61
73            android:name="preloaded_fonts"
73-->src\main\AndroidManifest.xml:57:17-47
74            android:resource="@array/preloaded_fonts" />
74-->src\main\AndroidManifest.xml:58:17-58
75
76        <provider
76-->[androidx.emoji2:emoji2:1.2.0] AndroidManifest.xml:24:9-32:20
77            android:name="androidx.startup.InitializationProvider"
77-->[androidx.emoji2:emoji2:1.2.0] AndroidManifest.xml:25:13-67
78            android:authorities="com.webiki.bucketlist.androidx-startup"
78-->[androidx.emoji2:emoji2:1.2.0] AndroidManifest.xml:26:13-68
79            android:exported="false" >
79-->[androidx.emoji2:emoji2:1.2.0] AndroidManifest.xml:27:13-37
80            <meta-data
80-->[androidx.emoji2:emoji2:1.2.0] AndroidManifest.xml:29:13-31:52
81                android:name="androidx.emoji2.text.EmojiCompatInitializer"
81-->[androidx.emoji2:emoji2:1.2.0] AndroidManifest.xml:30:17-75
82                android:value="androidx.startup" />
82-->[androidx.emoji2:emoji2:1.2.0] AndroidManifest.xml:31:17-49
83            <meta-data
83-->[androidx.lifecycle:lifecycle-process:2.6.0] AndroidManifest.xml:29:13-31:52
84                android:name="androidx.lifecycle.ProcessLifecycleInitializer"
84-->[androidx.lifecycle:lifecycle-process:2.6.0] AndroidManifest.xml:30:17-78
85                android:value="androidx.startup" />
85-->[androidx.lifecycle:lifecycle-process:2.6.0] AndroidManifest.xml:31:17-49
86            <meta-data
86-->[androidx.profileinstaller:profileinstaller:1.2.1] AndroidManifest.xml:30:13-32:52
87                android:name="androidx.profileinstaller.ProfileInstallerInitializer"
87-->[androidx.profileinstaller:profileinstaller:1.2.1] AndroidManifest.xml:31:17-85
88                android:value="androidx.startup" />
88-->[androidx.profileinstaller:profileinstaller:1.2.1] AndroidManifest.xml:32:17-49
89        </provider>
90
91        <activity
91-->[androidx.test:core:1.5.0] AndroidManifest.xml:27:9-34:20
92            android:name="androidx.test.core.app.InstrumentationActivityInvoker$BootstrapActivity"
92-->[androidx.test:core:1.5.0] AndroidManifest.xml:28:13-99
93            android:exported="true"
93-->[androidx.test:core:1.5.0] AndroidManifest.xml:29:13-36
94            android:theme="@style/WhiteBackgroundTheme" >
94-->[androidx.test:core:1.5.0] AndroidManifest.xml:30:13-56
95            <intent-filter android:priority="-100" >
95-->[androidx.test:core:1.5.0] AndroidManifest.xml:31:13-33:29
95-->[androidx.test:core:1.5.0] AndroidManifest.xml:31:28-51
96                <category android:name="android.intent.category.LAUNCHER" />
96-->src\main\AndroidManifest.xml:52:17-77
96-->src\main\AndroidManifest.xml:52:27-74
97            </intent-filter>
98        </activity>
99        <activity
99-->[androidx.test:core:1.5.0] AndroidManifest.xml:35:9-42:20
100            android:name="androidx.test.core.app.InstrumentationActivityInvoker$EmptyActivity"
100-->[androidx.test:core:1.5.0] AndroidManifest.xml:36:13-95
101            android:exported="true"
101-->[androidx.test:core:1.5.0] AndroidManifest.xml:37:13-36
102            android:theme="@style/WhiteBackgroundTheme" >
102-->[androidx.test:core:1.5.0] AndroidManifest.xml:38:13-56
103            <intent-filter android:priority="-100" >
103-->[androidx.test:core:1.5.0] AndroidManifest.xml:31:13-33:29
103-->[androidx.test:core:1.5.0] AndroidManifest.xml:31:28-51
104                <category android:name="android.intent.category.LAUNCHER" />
104-->src\main\AndroidManifest.xml:52:17-77
104-->src\main\AndroidManifest.xml:52:27-74
105            </intent-filter>
106        </activity>
107        <activity
107-->[androidx.test:core:1.5.0] AndroidManifest.xml:43:9-50:20
108            android:name="androidx.test.core.app.InstrumentationActivityInvoker$EmptyFloatingActivity"
108-->[androidx.test:core:1.5.0] AndroidManifest.xml:44:13-103
109            android:exported="true"
109-->[androidx.test:core:1.5.0] AndroidManifest.xml:45:13-36
110            android:theme="@style/WhiteBackgroundDialogTheme" >
110-->[androidx.test:core:1.5.0] AndroidManifest.xml:46:13-62
111            <intent-filter android:priority="-100" >
111-->[androidx.test:core:1.5.0] AndroidManifest.xml:31:13-33:29
111-->[androidx.test:core:1.5.0] AndroidManifest.xml:31:28-51
112                <category android:name="android.intent.category.LAUNCHER" />
112-->src\main\AndroidManifest.xml:52:17-77
112-->src\main\AndroidManifest.xml:52:27-74
113            </intent-filter>
114        </activity>
115
116        <uses-library
116-->[androidx.window:window:1.0.0] AndroidManifest.xml:25:9-27:40
117            android:name="androidx.window.extensions"
117-->[androidx.window:window:1.0.0] AndroidManifest.xml:26:13-54
118            android:required="false" />
118-->[androidx.window:window:1.0.0] AndroidManifest.xml:27:13-37
119        <uses-library
119-->[androidx.window:window:1.0.0] AndroidManifest.xml:28:9-30:40
120            android:name="androidx.window.sidecar"
120-->[androidx.window:window:1.0.0] AndroidManifest.xml:29:13-51
121            android:required="false" />
121-->[androidx.window:window:1.0.0] AndroidManifest.xml:30:13-37
122
123        <receiver
123-->[androidx.profileinstaller:profileinstaller:1.2.1] AndroidManifest.xml:35:9-47:20
124            android:name="androidx.profileinstaller.ProfileInstallReceiver"
124-->[androidx.profileinstaller:profileinstaller:1.2.1] AndroidManifest.xml:36:13-76
125            android:directBootAware="false"
125-->[androidx.profileinstaller:profileinstaller:1.2.1] AndroidManifest.xml:37:13-44
126            android:enabled="true"
126-->[androidx.profileinstaller:profileinstaller:1.2.1] AndroidManifest.xml:38:13-35
127            android:exported="true"
127-->[androidx.profileinstaller:profileinstaller:1.2.1] AndroidManifest.xml:39:13-36
128            android:permission="android.permission.DUMP" >
128-->[androidx.profileinstaller:profileinstaller:1.2.1] AndroidManifest.xml:40:13-57
129            <intent-filter>
129-->[androidx.profileinstaller:profileinstaller:1.2.1] AndroidManifest.xml:41:13-43:29
130                <action android:name="androidx.profileinstaller.action.INSTALL_PROFILE" />
130-->[androidx.profileinstaller:profileinstaller:1.2.1] AndroidManifest.xml:42:17-91
130-->[androidx.profileinstaller:profileinstaller:1.2.1] AndroidManifest.xml:42:25-88
131            </intent-filter>
132            <intent-filter>
132-->[androidx.profileinstaller:profileinstaller:1.2.1] AndroidManifest.xml:44:13-46:29
133                <action android:name="androidx.profileinstaller.action.SKIP_FILE" />
133-->[androidx.profileinstaller:profileinstaller:1.2.1] AndroidManifest.xml:45:17-85
133-->[androidx.profileinstaller:profileinstaller:1.2.1] AndroidManifest.xml:45:25-82
134            </intent-filter>
135        </receiver>
136    </application>
137
138</manifest>